# JRE version: OpenJDK Runtime Environment (11.0.13) (build 11.0.13+0-b1751.21-8125866)
# Java VM: OpenJDK 64-Bit Server VM (11.0.13+0-b1751.21-8125866, mixed mode, tiered, compressed oops, g1 gc, windows-amd64)
Heap:
 garbage-first heap   total 708608K, used 224169K [0x0000000080000000, 0x0000000100000000)
  region size 1024K, 4 young (4096K), 4 survivors (4096K)
 Metaspace       used 109001K, capacity 111710K, committed 111824K, reserved 1146880K
  class space    used 13985K, capacity 15007K, committed 15104K, reserved 1048576K
GC Heap History (20 events):
Event: 37.246 GC heap after
{Heap after GC invocations=54 (full 0):
 garbage-first heap   total 189440K, used 159908K [0x0000000080000000, 0x0000000100000000)
  region size 1024K, 2 young (2048K), 2 survivors (2048K)
 Metaspace       used 103135K, capacity 105513K, committed 105552K, reserved 1140736K
  class space    used 13063K, capacity 13940K, committed 13952K, reserved 1048576K
}
Event: 37.288 GC heap before
{Heap before GC invocations=54 (full 0):
 garbage-first heap   total 189440K, used 167076K [0x0000000080000000, 0x0000000100000000)
  region size 1024K, 9 young (9216K), 2 survivors (2048K)
 Metaspace       used 103135K, capacity 105513K, committed 105552K, reserved 1140736K
  class space    used 13063K, capacity 13940K, committed 13952K, reserved 1048576K
}
Event: 37.297 GC heap after
{Heap after GC invocations=55 (full 0):
 garbage-first heap   total 189440K, used 162774K [0x0000000080000000, 0x0000000100000000)
  region size 1024K, 2 young (2048K), 2 survivors (2048K)
 Metaspace       used 103135K, capacity 105513K, committed 105552K, reserved 1140736K
  class space    used 13063K, capacity 13940K, committed 13952K, reserved 1048576K
}
Event: 37.495 GC heap before
{Heap before GC invocations=55 (full 0):
 garbage-first heap   total 189440K, used 168918K [0x0000000080000000, 0x0000000100000000)
  region size 1024K, 9 young (9216K), 2 survivors (2048K)
 Metaspace       used 104285K, capacity 106710K, committed 106960K, reserved 1142784K
  class space    used 13320K, capacity 14237K, committed 14336K, reserved 1048576K
}
Event: 37.511 GC heap after
{Heap after GC invocations=56 (full 0):
 garbage-first heap   total 227328K, used 164951K [0x0000000080000000, 0x0000000100000000)
  region size 1024K, 2 young (2048K), 2 survivors (2048K)
 Metaspace       used 104285K, capacity 106710K, committed 106960K, reserved 1142784K
  class space    used 13320K, capacity 14237K, committed 14336K, reserved 1048576K
}
Event: 37.773 GC heap before
{Heap before GC invocations=57 (full 0):
 garbage-first heap   total 227328K, used 180311K [0x0000000080000000, 0x0000000100000000)
  region size 1024K, 17 young (17408K), 2 survivors (2048K)
 Metaspace       used 105456K, capacity 107935K, committed 108112K, reserved 1142784K
  class space    used 13533K, capacity 14456K, committed 14464K, reserved 1048576K
}
Event: 37.786 GC heap after
{Heap after GC invocations=58 (full 0):
 garbage-first heap   total 227328K, used 171291K [0x0000000080000000, 0x0000000100000000)
  region size 1024K, 3 young (3072K), 3 survivors (3072K)
 Metaspace       used 105456K, capacity 107935K, committed 108112K, reserved 1142784K
  class space    used 13533K, capacity 14456K, committed 14464K, reserved 1048576K
}
Event: 37.824 GC heap before
{Heap before GC invocations=58 (full 0):
 garbage-first heap   total 227328K, used 179483K [0x0000000080000000, 0x0000000100000000)
  region size 1024K, 11 young (11264K), 3 survivors (3072K)
 Metaspace       used 105465K, capacity 107935K, committed 108112K, reserved 1142784K
  class space    used 13533K, capacity 14456K, committed 14464K, reserved 1048576K
}
Event: 37.835 GC heap after
{Heap after GC invocations=59 (full 0):
 garbage-first heap   total 227328K, used 174687K [0x0000000080000000, 0x0000000100000000)
  region size 1024K, 2 young (2048K), 2 survivors (2048K)
 Metaspace       used 105465K, capacity 107935K, committed 108112K, reserved 1142784K
  class space    used 13533K, capacity 14456K, committed 14464K, reserved 1048576K
}
Event: 37.894 GC heap before
{Heap before GC invocations=59 (full 0):
 garbage-first heap   total 227328K, used 186975K [0x0000000080000000, 0x0000000100000000)
  region size 1024K, 14 young (14336K), 2 survivors (2048K)
 Metaspace       used 105489K, capacity 107999K, committed 108112K, reserved 1142784K
  class space    used 13533K, capacity 14456K, committed 14464K, reserved 1048576K
}
Event: 37.904 GC heap after
{Heap after GC invocations=60 (full 0):
 garbage-first heap   total 227328K, used 181208K [0x0000000080000000, 0x0000000100000000)
  region size 1024K, 2 young (2048K), 2 survivors (2048K)
 Metaspace       used 105489K, capacity 107999K, committed 108112K, reserved 1142784K
  class space    used 13533K, capacity 14456K, committed 14464K, reserved 1048576K
}
Event: 37.955 GC heap before
{Heap before GC invocations=60 (full 0):
 garbage-first heap   total 227328K, used 190424K [0x0000000080000000, 0x0000000100000000)
  region size 1024K, 11 young (11264K), 2 survivors (2048K)
 Metaspace       used 105509K, capacity 108000K, committed 108112K, reserved 1142784K
  class space    used 13533K, capacity 14456K, committed 14464K, reserved 1048576K
}
Event: 37.970 GC heap after
{Heap after GC invocations=61 (full 0):
 garbage-first heap   total 361472K, used 186349K [0x0000000080000000, 0x0000000100000000)
  region size 1024K, 2 young (2048K), 2 survivors (2048K)
 Metaspace       used 105509K, capacity 108000K, committed 108112K, reserved 1142784K
  class space    used 13533K, capacity 14456K, committed 14464K, reserved 1048576K
}
Event: 38.274 GC heap before
{Heap before GC invocations=61 (full 0):
 garbage-first heap   total 361472K, used 233453K [0x0000000080000000, 0x0000000100000000)
  region size 1024K, 49 young (50176K), 2 survivors (2048K)
 Metaspace       used 105543K, capacity 108004K, committed 108112K, reserved 1142784K
  class space    used 13533K, capacity 14456K, committed 14464K, reserved 1048576K
}
Event: 38.305 GC heap after
{Heap after GC invocations=62 (full 0):
 garbage-first heap   total 361472K, used 211675K [0x0000000080000000, 0x0000000100000000)
  region size 1024K, 7 young (7168K), 7 survivors (7168K)
 Metaspace       used 105543K, capacity 108004K, committed 108112K, reserved 1142784K
  class space    used 13533K, capacity 14456K, committed 14464K, reserved 1048576K
}
Event: 39.202 GC heap before
{Heap before GC invocations=63 (full 0):
 garbage-first heap   total 361472K, used 253659K [0x0000000080000000, 0x0000000100000000)
  region size 1024K, 48 young (49152K), 7 survivors (7168K)
 Metaspace       used 107561K, capacity 110123K, committed 110288K, reserved 1144832K
  class space    used 13792K, capacity 14743K, committed 14848K, reserved 1048576K
}
Event: 39.236 GC heap after
{Heap after GC invocations=64 (full 0):
 garbage-first heap   total 361472K, used 227328K [0x0000000080000000, 0x0000000100000000)
  region size 1024K, 6 young (6144K), 6 survivors (6144K)
 Metaspace       used 107561K, capacity 110123K, committed 110288K, reserved 1144832K
  class space    used 13792K, capacity 14743K, committed 14848K, reserved 1048576K
}
Event: 40.625 GC heap before
{Heap before GC invocations=64 (full 0):
 garbage-first heap   total 361472K, used 265216K [0x0000000080000000, 0x0000000100000000)
  region size 1024K, 44 young (45056K), 6 survivors (6144K)
 Metaspace       used 108553K, capacity 111225K, committed 111440K, reserved 1146880K
  class space    used 13936K, capacity 14936K, committed 14976K, reserved 1048576K
}
Event: 40.640 GC heap after
{Heap after GC invocations=65 (full 0):
 garbage-first heap   total 361472K, used 232718K [0x0000000080000000, 0x0000000100000000)
  region size 1024K, 5 young (5120K), 5 survivors (5120K)
 Metaspace       used 108553K, capacity 111225K, committed 111440K, reserved 1146880K
  class space    used 13936K, capacity 14936K, committed 14976K, reserved 1048576K
}
Event: 42.414 GC heap before
{Heap before GC invocations=66 (full 0):
 garbage-first heap   total 361472K, used 260237K [0x0000000080000000, 0x0000000100000000)
  region size 1024K, 44 young (45056K), 5 survivors (5120K)
 Metaspace       used 109001K, capacity 111710K, committed 111824K, reserved 1146880K
  class space    used 13985K, capacity 15007K, committed 15104K, reserved 1048576K
}

