# JRE version: OpenJDK Runtime Environment (11.0.13) (build 11.0.13+0-b1751.21-8125866)
# Java VM: OpenJDK 64-Bit Server VM (11.0.13+0-b1751.21-8125866, mixed mode, tiered, compressed oops, g1 gc, windows-amd64)
Heap:
 garbage-first heap   total 157696K, used 100306K [0x0000000080000000, 0x0000000100000000)
  region size 1024K, 51 young (52224K), 5 survivors (5120K)
 Metaspace       used 69792K, capacity 71405K, committed 71580K, reserved 1112064K
  class space    used 8825K, capacity 9408K, committed 9472K, reserved 1048576K
GC Heap History (20 events):
Event: 3.875 GC heap before
{Heap before GC invocations=2 (full 0):
 garbage-first heap   total 131072K, used 45142K [0x0000000080000000, 0x0000000100000000)
  region size 1024K, 39 young (39936K), 10 survivors (10240K)
 Metaspace       used 20769K, capacity 21125K, committed 21296K, reserved 1069056K
  class space    used 2529K, capacity 2688K, committed 2688K, reserved 1048576K
}
Event: 3.885 GC heap after
{Heap after GC invocations=3 (full 0):
 garbage-first heap   total 131072K, used 17444K [0x0000000080000000, 0x0000000100000000)
  region size 1024K, 2 young (2048K), 2 survivors (2048K)
 Metaspace       used 20769K, capacity 21125K, committed 21296K, reserved 1069056K
  class space    used 2529K, capacity 2688K, committed 2688K, reserved 1048576K
}
Event: 4.874 GC heap before
{Heap before GC invocations=4 (full 0):
 garbage-first heap   total 131072K, used 72740K [0x0000000080000000, 0x0000000100000000)
  region size 1024K, 56 young (57344K), 2 survivors (2048K)
 Metaspace       used 26574K, capacity 27175K, committed 27264K, reserved 1073152K
  class space    used 3443K, capacity 3670K, committed 3712K, reserved 1048576K
}
Event: 4.878 GC heap after
{Heap after GC invocations=5 (full 0):
 garbage-first heap   total 131072K, used 19341K [0x0000000080000000, 0x0000000100000000)
  region size 1024K, 3 young (3072K), 3 survivors (3072K)
 Metaspace       used 26574K, capacity 27175K, committed 27264K, reserved 1073152K
  class space    used 3443K, capacity 3670K, committed 3712K, reserved 1048576K
}
Event: 6.284 GC heap before
{Heap before GC invocations=5 (full 0):
 garbage-first heap   total 131072K, used 79757K [0x0000000080000000, 0x0000000100000000)
  region size 1024K, 63 young (64512K), 3 survivors (3072K)
 Metaspace       used 35159K, capacity 35969K, committed 36048K, reserved 1081344K
  class space    used 4528K, capacity 4838K, committed 4864K, reserved 1048576K
}
Event: 6.296 GC heap after
{Heap after GC invocations=6 (full 0):
 garbage-first heap   total 131072K, used 22807K [0x0000000080000000, 0x0000000100000000)
  region size 1024K, 7 young (7168K), 7 survivors (7168K)
 Metaspace       used 35159K, capacity 35969K, committed 36048K, reserved 1081344K
  class space    used 4528K, capacity 4838K, committed 4864K, reserved 1048576K
}
Event: 7.428 GC heap before
{Heap before GC invocations=7 (full 0):
 garbage-first heap   total 131072K, used 87319K [0x0000000080000000, 0x0000000100000000)
  region size 1024K, 68 young (69632K), 7 survivors (7168K)
 Metaspace       used 39792K, capacity 40733K, committed 40860K, reserved 1085440K
  class space    used 5040K, capacity 5374K, committed 5376K, reserved 1048576K
}
Event: 7.441 GC heap after
{Heap after GC invocations=8 (full 0):
 garbage-first heap   total 131072K, used 27978K [0x0000000080000000, 0x0000000100000000)
  region size 1024K, 9 young (9216K), 9 survivors (9216K)
 Metaspace       used 39792K, capacity 40733K, committed 40860K, reserved 1085440K
  class space    used 5040K, capacity 5374K, committed 5376K, reserved 1048576K
}
Event: 8.716 GC heap before
{Heap before GC invocations=8 (full 0):
 garbage-first heap   total 131072K, used 90442K [0x0000000080000000, 0x0000000100000000)
  region size 1024K, 70 young (71680K), 9 survivors (9216K)
 Metaspace       used 45537K, capacity 46628K, committed 46876K, reserved 1089536K
  class space    used 5784K, capacity 6180K, committed 6272K, reserved 1048576K
}
Event: 8.726 GC heap after
{Heap after GC invocations=9 (full 0):
 garbage-first heap   total 157696K, used 30260K [0x0000000080000000, 0x0000000100000000)
  region size 1024K, 3 young (3072K), 3 survivors (3072K)
 Metaspace       used 45537K, capacity 46628K, committed 46876K, reserved 1089536K
  class space    used 5784K, capacity 6180K, committed 6272K, reserved 1048576K
}
Event: 10.468 GC heap before
{Heap before GC invocations=9 (full 0):
 garbage-first heap   total 157696K, used 110132K [0x0000000080000000, 0x0000000100000000)
  region size 1024K, 77 young (78848K), 3 survivors (3072K)
 Metaspace       used 49073K, capacity 50473K, committed 50716K, reserved 1093632K
  class space    used 6201K, capacity 6701K, committed 6784K, reserved 1048576K
}
Event: 10.477 GC heap after
{Heap after GC invocations=10 (full 0):
 garbage-first heap   total 157696K, used 42140K [0x0000000080000000, 0x0000000100000000)
  region size 1024K, 10 young (10240K), 10 survivors (10240K)
 Metaspace       used 49073K, capacity 50473K, committed 50716K, reserved 1093632K
  class space    used 6201K, capacity 6701K, committed 6784K, reserved 1048576K
}
Event: 12.012 GC heap before
{Heap before GC invocations=10 (full 0):
 garbage-first heap   total 157696K, used 111772K [0x0000000080000000, 0x0000000100000000)
  region size 1024K, 78 young (79872K), 10 survivors (10240K)
 Metaspace       used 58689K, capacity 60205K, committed 60316K, reserved 1101824K
  class space    used 7348K, capacity 7872K, committed 7936K, reserved 1048576K
}
Event: 12.022 GC heap after
{Heap after GC invocations=11 (full 0):
 garbage-first heap   total 157696K, used 45080K [0x0000000080000000, 0x0000000100000000)
  region size 1024K, 3 young (3072K), 3 survivors (3072K)
 Metaspace       used 58689K, capacity 60205K, committed 60316K, reserved 1101824K
  class space    used 7348K, capacity 7872K, committed 7936K, reserved 1048576K
}
Event: 12.046 GC heap before
{Heap before GC invocations=11 (full 0):
 garbage-first heap   total 157696K, used 45080K [0x0000000080000000, 0x0000000100000000)
  region size 1024K, 4 young (4096K), 3 survivors (3072K)
 Metaspace       used 58993K, capacity 60496K, committed 60572K, reserved 1101824K
  class space    used 7384K, capacity 7905K, committed 7936K, reserved 1048576K
}
Event: 12.051 GC heap after
{Heap after GC invocations=12 (full 0):
 garbage-first heap   total 157696K, used 44704K [0x0000000080000000, 0x0000000100000000)
  region size 1024K, 3 young (3072K), 3 survivors (3072K)
 Metaspace       used 58993K, capacity 60496K, committed 60572K, reserved 1101824K
  class space    used 7384K, capacity 7905K, committed 7936K, reserved 1048576K
}
Event: 13.066 GC heap before
{Heap before GC invocations=13 (full 0):
 garbage-first heap   total 157696K, used 110240K [0x0000000080000000, 0x0000000100000000)
  region size 1024K, 61 young (62464K), 3 survivors (3072K)
 Metaspace       used 64179K, capacity 65727K, committed 65820K, reserved 1105920K
  class space    used 8016K, capacity 8574K, committed 8576K, reserved 1048576K
}
Event: 13.078 GC heap after
{Heap after GC invocations=14 (full 0):
 garbage-first heap   total 157696K, used 50116K [0x0000000080000000, 0x0000000100000000)
  region size 1024K, 8 young (8192K), 8 survivors (8192K)
 Metaspace       used 64179K, capacity 65727K, committed 65820K, reserved 1105920K
  class space    used 8016K, capacity 8574K, committed 8576K, reserved 1048576K
}
Event: 13.793 GC heap before
{Heap before GC invocations=15 (full 0):
 garbage-first heap   total 157696K, used 108484K [0x0000000080000000, 0x0000000100000000)
  region size 1024K, 65 young (66560K), 8 survivors (8192K)
 Metaspace       used 66440K, capacity 67998K, committed 68252K, reserved 1107968K
  class space    used 8345K, capacity 8891K, committed 8960K, reserved 1048576K
}
Event: 13.802 GC heap after
{Heap after GC invocations=16 (full 0):
 garbage-first heap   total 157696K, used 54226K [0x0000000080000000, 0x0000000100000000)
  region size 1024K, 5 young (5120K), 5 survivors (5120K)
 Metaspace       used 66440K, capacity 67998K, committed 68252K, reserved 1107968K
  class space    used 8345K, capacity 8891K, committed 8960K, reserved 1048576K
}

